android/app/build/intermediates/manifest_merge_blame_file/release/manifest-merger-blame-release-report.txt
1<?xml version="1.0" encoding="utf-8"?>
2<manifest xmlns:android="http://schemas.android.com/apk/res/android"
3    package="com.okela"
4    android:versionCode="1"
5    android:versionName="1.0" >
6
7    <uses-sdk
8        android:minSdkVersion="21"
8-->src\main\AndroidManifest.xml
9        android:targetSdkVersion="28" />
9-->src\main\AndroidManifest.xml
10
11    <uses-permission android:name="android.permission.INTERNET" />
11-->src\main\AndroidManifest.xml:4:5-67
11-->src\main\AndroidManifest.xml:4:22-64
12    <uses-permission android:name="android.permission.READ_PHONE_STATE" />
12-->[:react-native-agora] AndroidManifest.xml:10:5-75
12-->[:react-native-agora] AndroidManifest.xml:10:22-72
13    <uses-permission android:name="android.permission.RECORD_AUDIO" />
13-->[:react-native-agora] AndroidManifest.xml:12:5-71
13-->[:react-native-agora] AndroidManifest.xml:12:22-68
14    <uses-permission android:name="android.permission.CAMERA" />
14-->[:react-native-agora] AndroidManifest.xml:13:5-65
14-->[:react-native-agora] AndroidManifest.xml:13:22-62
15    <uses-permission android:name="android.permission.MODIFY_AUDIO_SETTINGS" />
15-->[:react-native-agora] AndroidManifest.xml:14:5-80
15-->[:react-native-agora] AndroidManifest.xml:14:22-77
16    <uses-permission android:name="android.permission.ACCESS_NETWORK_STATE" />
16-->[:react-native-agora] AndroidManifest.xml:15:5-79
16-->[:react-native-agora] AndroidManifest.xml:15:22-76
17    <uses-permission android:name="android.permission.BLUETOOTH" />
17-->[:react-native-agora] AndroidManifest.xml:16:5-68
17-->[:react-native-agora] AndroidManifest.xml:16:22-65
18    <uses-permission android:name="android.permission.ACCESS_WIFI_STATE" />
18-->[:react-native-agora] AndroidManifest.xml:17:5-76
18-->[:react-native-agora] AndroidManifest.xml:17:22-73
19    <uses-permission android:name="android.permission.READ_EXTERNAL_STORAGE" />
19-->[:react-native-agora] AndroidManifest.xml:18:5-80
19-->[:react-native-agora] AndroidManifest.xml:18:22-77
20    <uses-permission android:name="android.permission.READ_PRIVILEGED_PHONE_STATE" />
20-->[:react-native-agora] AndroidManifest.xml:19:5-21:47
20-->[:react-native-agora] AndroidManifest.xml:20:9-70
21
22    <application
22-->src\main\AndroidManifest.xml:6:5-24:19
23        android:name="com.okela.MainApplication"
23-->src\main\AndroidManifest.xml:7:7-38
24        android:allowBackup="false"
24-->src\main\AndroidManifest.xml:11:7-34
25        android:appComponentFactory="androidx.core.app.CoreComponentFactory"
25-->[androidx.core:core:1.1.0] AndroidManifest.xml:24:18-86
26        android:icon="@mipmap/ic_launcher"
26-->src\main\AndroidManifest.xml:9:7-41
27        android:label="@string/app_name"
27-->src\main\AndroidManifest.xml:8:7-39
28        android:roundIcon="@mipmap/ic_launcher_round"
28-->src\main\AndroidManifest.xml:10:7-52
29        android:theme="@style/AppTheme" >
29-->src\main\AndroidManifest.xml:12:7-38
30        <activity
30-->src\main\AndroidManifest.xml:13:7-23:18
31            android:name="com.okela.MainActivity"
31-->src\main\AndroidManifest.xml:14:9-37
32            android:configChanges="keyboard|keyboardHidden|orientation|screenSize|uiMode"
32-->src\main\AndroidManifest.xml:16:9-86
33            android:label="@string/app_name"
33-->src\main\AndroidManifest.xml:15:9-41
34            android:launchMode="singleTask"
34-->src\main\AndroidManifest.xml:17:9-40
35            android:windowSoftInputMode="adjustResize" >
35-->src\main\AndroidManifest.xml:18:9-51
36            <intent-filter>
36-->src\main\AndroidManifest.xml:19:9-22:25
37                <action android:name="android.intent.action.MAIN" />
37-->src\main\AndroidManifest.xml:20:13-65
37-->src\main\AndroidManifest.xml:20:21-62
38
39                <category android:name="android.intent.category.LAUNCHER" />
39-->src\main\AndroidManifest.xml:21:13-73
39-->src\main\AndroidManifest.xml:21:23-70
40            </intent-filter>
41        </activity>
42    </application>
43
44</manifest>